<?xml version="1.0" encoding="UTF-8"?>
<testsuite name="crud.data.PersonControllerSpec" tests="3" skipped="0" failures="0" errors="0" timestamp="2022-09-19T21:23:04" hostname="TPLNK-BPAXTON3.local" time="0.449">
  <properties/>
  <testcase name="test retrieving person instances when none exist" classname="crud.data.PersonControllerSpec" time="0.374"/>
  <testcase name="test creating people" classname="crud.data.PersonControllerSpec" time="0.065"/>
  <testcase name="test retrieving person instances" classname="crud.data.PersonControllerSpec" time="0.009"/>
  <system-out><![CDATA[?[36m16:23:04.374?[0;39m ?[1;30m[Test worker]?[0;39m ?[34mINFO ?[0;39m ?[35mi.m.context.env.DefaultEnvironment?[0;39m - Established active environments: [test]
?[36m16:23:04.494?[0;39m ?[1;30m[Test worker]?[0;39m ?[34mINFO ?[0;39m ?[35mcom.zaxxer.hikari.HikariDataSource?[0;39m - HikariPool-1 - Starting...
?[36m16:23:04.592?[0;39m ?[1;30m[Test worker]?[0;39m ?[34mINFO ?[0;39m ?[35mcom.zaxxer.hikari.HikariDataSource?[0;39m - HikariPool-1 - Start completed.
?[36m16:23:05.265?[0;39m ?[1;30m[Test worker]?[0;39m ?[34mINFO ?[0;39m ?[35mcom.zaxxer.hikari.HikariDataSource?[0;39m - HikariPool-1 - Shutdown initiated...
?[36m16:23:05.267?[0;39m ?[1;30m[Test worker]?[0;39m ?[34mINFO ?[0;39m ?[35mcom.zaxxer.hikari.HikariDataSource?[0;39m - HikariPool-1 - Shutdown completed.
]]></system-out>
  <system-err><![CDATA[]]></system-err>
</testsuite>
